#
# A fatal error has been detected by the Java Runtime Environment:
#
#  EXCEPTION_ACCESS_VIOLATION (0xc0000005) at pc=0x000000005a1f7066, pid=8784, tid=0x0000000000002978
#
# JRE version: Java(TM) SE Runtime Environment (8.0_181-b13) (build 1.8.0_181-b13)
# Java VM: Java HotSpot(TM) 64-Bit Server VM (25.181-b13 mixed mode windows-amd64 compressed oops)
# Problematic frame:
# V  [jvm.dll+0x237066]
#
# Failed to write core dump. Minidumps are not enabled by default on client versions of Windows
#
# If you would like to submit a bug report, please visit:
#   http://bugreport.java.com/bugreport/crash.jsp
#

---------------  T H R E A D  ---------------

Current thread (0x00000000175d8000):  VMThread [stack: 0x0000000018670000,0x0000000018770000] [id=10616]

siginfo: ExceptionCode=0xc0000005, reading address 0x0000000000000008

Registers:
RAX=0x0000000000000000, RBX=0x000000001876e850, RCX=0x000000001876e850, RDX=0x0000000000000028
RSP=0x000000001876e580, RBP=0x000000001876ed90, RSI=0x0000000000000000, RDI=0x000000001876ef20
R8 =0x0000000000000000, R9 =0x00000000171cb338, R10=0x0000000000000008, R11=0x000000005a5c7f18
R12=0x00000000174e55d8, R13=0x000000001876ed50, R14=0x00000000000003d8, R15=0x000000001876ed40
RIP=0x000000005a1f7066, EFLAGS=0x0000000000010202

Top of Stack: (sp=0x000000001876e580)
0x000000001876e580:   0000000000000000 0000000000000000
0x000000001876e590:   0000000000000000 0000000000000000
0x000000001876e5a0:   0000000000000000 0000000000000000
0x000000001876e5b0:   0000000000000000 0000000000000000
0x000000001876e5c0:   0000000000000000 0000000000000000
0x000000001876e5d0:   00000000029cf2c8 00000000029cf2c8
0x000000001876e5e0:   0000000000000000 0000000000000000
0x000000001876e5f0:   0000000000000000 0000000000000000
0x000000001876e600:   0000000000000000 0000000000000000
0x000000001876e610:   0000000000000000 0000000000000000
0x000000001876e620:   0000000000000000 0000000000000000
0x000000001876e630:   0000000000000000 0000000000000000
0x000000001876e640:   0000000000000000 0000000000000000
0x000000001876e650:   0000000000000000 0000000000000000
0x000000001876e660:   0000000000000000 0000000000000000
0x000000001876e670:   0000000000000000 0000000000000000 

Instructions: (pc=0x000000005a1f7066)
0x000000005a1f7046:   01 00 00 48 8b 05 30 a8 5b 00 48 33 c4 48 89 84
0x000000005a1f7056:   24 30 01 00 00 4c 63 41 10 48 8b 41 08 48 8b d9
0x000000005a1f7066:   42 38 54 00 08 74 33 44 0f be c2 48 8d 4c 24 20
0x000000005a1f7076:   48 8d 15 13 e3 3e 00 e8 ee ec de ff 48 8d 0d 97 


Register to memory mapping:

RAX=0x0000000000000000 is an unknown value
RBX=0x000000001876e850 is an unknown value
RCX=0x000000001876e850 is an unknown value
RDX=0x0000000000000028 is an unknown value
RSP=0x000000001876e580 is an unknown value
RBP=0x000000001876ed90 is an unknown value
RSI=0x0000000000000000 is an unknown value
RDI=0x000000001876ef20 is an unknown value
R8 =0x0000000000000000 is an unknown value
R9 =0x00000000171cb338 is pointing into metadata
R10=0x0000000000000008 is an unknown value
R11=0x000000005a5c7f18 is an unknown value
R12=0x00000000174e55d8 is an unknown value
R13=0x000000001876ed50 is an unknown value
R14=0x00000000000003d8 is an unknown value
R15=0x000000001876ed40 is an unknown value


Stack: [0x0000000018670000,0x0000000018770000],  sp=0x000000001876e580,  free space=1017k
Native frames: (J=compiled Java code, j=interpreted, Vv=VM code, C=native code)
V  [jvm.dll+0x237066]
V  [jvm.dll+0x2376e4]
V  [jvm.dll+0xff4a3]
V  [jvm.dll+0x1025b9]
V  [jvm.dll+0x10305f]
V  [jvm.dll+0x1038a5]
V  [jvm.dll+0x103af2]
V  [jvm.dll+0xc50be]
V  [jvm.dll+0xc5748]
V  [jvm.dll+0xc587a]
V  [jvm.dll+0xc5a78]
V  [jvm.dll+0x10f94a]
V  [jvm.dll+0x12d22f]
V  [jvm.dll+0x1bf3df]
V  [jvm.dll+0x24cc27]
V  [jvm.dll+0x24bec6]
V  [jvm.dll+0x24c361]
V  [jvm.dll+0x24c57e]
V  [jvm.dll+0x29e64a]
C  [msvcr100.dll+0x21d9f]
C  [msvcr100.dll+0x21e3b]
C  [KERNEL32.DLL+0x13034]
C  [ntdll.dll+0x71461]

VM_Operation (0x000000001909f3f0): GetOrSetLocal, mode: safepoint, requested by thread 0x0000000017620000


---------------  P R O C E S S  ---------------

Java Threads: ( => current thread )
  0x0000000019df5000 JavaThread "ReaderThread" [_thread_in_native, id=5068, stack(0x000000001a5a0000,0x000000001a6a0000)]
  0x0000000017648000 JavaThread "Service Thread" daemon [_thread_blocked, id=6636, stack(0x00000000199a0000,0x0000000019aa0000)]
  0x0000000017647000 JavaThread "C1 CompilerThread2" daemon [_thread_blocked, id=10344, stack(0x00000000198a0000,0x00000000199a0000)]
  0x0000000017646800 JavaThread "C2 CompilerThread1" daemon [_thread_blocked, id=8580, stack(0x00000000197a0000,0x00000000198a0000)]
  0x0000000017641800 JavaThread "C2 CompilerThread0" daemon [_thread_blocked, id=3360, stack(0x00000000192a0000,0x00000000193a0000)]
  0x0000000017630000 JavaThread "JDWP Command Reader" daemon [_thread_in_native, id=6908, stack(0x00000000191a0000,0x00000000192a0000)]
  0x000000001762e800 JavaThread "JDWP Event Helper Thread" daemon [_thread_blocked, id=1832, stack(0x00000000190a0000,0x00000000191a0000)]
  0x0000000017620000 JavaThread "JDWP Transport Listener: dt_socket" daemon [_thread_blocked, id=7380, stack(0x0000000018fa0000,0x00000000190a0000)]
  0x0000000017613800 JavaThread "Attach Listener" daemon [_thread_blocked, id=7500, stack(0x0000000018b60000,0x0000000018c60000)]
  0x0000000017612800 JavaThread "Signal Dispatcher" daemon [_thread_blocked, id=10224, stack(0x0000000018a60000,0x0000000018b60000)]
  0x0000000017600000 JavaThread "Finalizer" daemon [_thread_blocked, id=9132, stack(0x0000000018870000,0x0000000018970000)]
  0x0000000002ac4000 JavaThread "Reference Handler" daemon [_thread_blocked, id=10048, stack(0x0000000018770000,0x0000000018870000)]
  0x00000000029d5800 JavaThread "main" [_thread_blocked, id=11148, stack(0x00000000028d0000,0x00000000029d0000)]

Other Threads:
=>0x00000000175d8000 VMThread [stack: 0x0000000018670000,0x0000000018770000] [id=10616]
  0x0000000017642800 WatcherThread [stack: 0x0000000019aa0000,0x0000000019ba0000] [id=9668]

VM state:at safepoint (normal execution)

VM Mutex/Monitor currently owned by a thread:  ([mutex/lock_event])
[0x00000000029d2cd0] Threads_lock - owner thread: 0x00000000175d8000

Heap:
 PSYoungGen      total 38400K, used 21324K [0x00000000d5e00000, 0x00000000d8880000, 0x0000000100000000)
  eden space 33280K, 64% used [0x00000000d5e00000,0x00000000d72d3168,0x00000000d7e80000)
  from space 5120K, 0% used [0x00000000d8380000,0x00000000d8380000,0x00000000d8880000)
  to   space 5120K, 0% used [0x00000000d7e80000,0x00000000d7e80000,0x00000000d8380000)
 ParOldGen       total 87552K, used 0K [0x0000000081a00000, 0x0000000086f80000, 0x00000000d5e00000)
  object space 87552K, 0% used [0x0000000081a00000,0x0000000081a00000,0x0000000086f80000)
 Metaspace       used 8712K, capacity 8838K, committed 9088K, reserved 1056768K
  class space    used 1031K, capacity 1075K, committed 1152K, reserved 1048576K

Card table byte_map: [0x0000000011e90000,0x0000000012290000] byte_map_base: 0x0000000011a83000

Marking Bits: (ParMarkBitMap*) 0x000000005a7e2d00
 Begin Bits: [0x0000000012940000, 0x00000000148d8000)
 End Bits:   [0x00000000148d8000, 0x0000000016870000)

Polling page: 0x00000000009b0000

CodeCache: size=245760Kb used=2779Kb max_used=2791Kb free=242980Kb
 bounds [0x0000000002ad0000, 0x0000000002d90000, 0x0000000011ad0000]
 total_blobs=934 nmethods=608 adapters=247
 compilation: enabled

Compilation events (10 events):
Event: 236.372 Thread 0x0000000017647000 nmethod 603 0x0000000002d86210 code [0x0000000002d863a0, 0x0000000002d86798]
Event: 236.372 Thread 0x0000000017647000  604       3       java.util.AbstractList$Itr::hasNext (20 bytes)
Event: 236.373 Thread 0x0000000017647000 nmethod 604 0x0000000002d86910 code [0x0000000002d86a80, 0x0000000002d86d08]
Event: 236.373 Thread 0x0000000017647000  605       3       java.util.Arrays$ArrayList::get (7 bytes)
Event: 236.373 Thread 0x0000000017647000 nmethod 605 0x0000000002d86dd0 code [0x0000000002d86f20, 0x0000000002d87090]
Event: 236.373 Thread 0x0000000017647000  606   !   3       java.util.AbstractList$Itr::next (45 bytes)
Event: 236.374 Thread 0x0000000017647000 nmethod 606 0x0000000002d87190 code [0x0000000002d87360, 0x0000000002d879d8]
Event: 236.374 Thread 0x0000000017647000  607       3       java.util.AbstractList$Itr::checkForComodification (23 bytes)
Event: 236.374 Thread 0x0000000017647000 nmethod 607 0x0000000002d87d50 code [0x0000000002d87ec0, 0x0000000002d880e8]
Event: 236.379 Thread 0x0000000017641800 nmethod 608 0x0000000002d8b1d0 code [0x0000000002d8b320, 0x0000000002d8b6d8]

GC Heap History (0 events):
No events

Deoptimization events (4 events):
Event: 0.426 Thread 0x00000000029d5800 Uncommon trap: reason=unstable_if action=reinterpret pc=0x0000000002be857c method=java.lang.String.hashCode()I @ 14
Event: 0.587 Thread 0x00000000029d5800 Uncommon trap: reason=unstable_if action=reinterpret pc=0x0000000002c37618 method=java.lang.String.startsWith(Ljava/lang/String;I)Z @ 25
Event: 0.862 Thread 0x00000000029d5800 Uncommon trap: reason=unstable_if action=reinterpret pc=0x0000000002c83ab4 method=java.lang.String.indexOf([CII[CIII)I @ 3
Event: 1.399 Thread 0x00000000029d5800 Uncommon trap: reason=range_check action=make_not_entrant pc=0x0000000002d633cc method=sun.reflect.generics.parser.SignatureParser.current()C @ 34

Classes redefined (4 events):
Event: 43.850 Thread 0x00000000175d8000 redefined class name=com.crm.qa.testcases.AdrushyaScripts, count=1
Event: 66.954 Thread 0x00000000175d8000 redefined class name=com.crm.qa.testcases.AdrushyaScripts, count=2
Event: 197.232 Thread 0x00000000175d8000 redefined class name=com.crm.qa.testcases.AdrushyaScripts, count=3
Event: 355.876 Thread 0x00000000175d8000 redefined class name=com.crm.qa.testcases.AdrushyaScripts, count=4

Internal exceptions (10 events):
Event: 0.466 Thread 0x00000000029d5800 Exception <a 'java/security/PrivilegedActionException'> (0x00000000d60aedf8) thrown at [C:\re\workspace\8-2-build-windows-amd64-cygwin\jdk8u181\11358\hotspot\src\share\vm\prims\jvm.cpp, line 1435]
Event: 0.466 Thread 0x00000000029d5800 Exception <a 'java/security/PrivilegedActionException'> (0x00000000d60af008) thrown at [C:\re\workspace\8-2-build-windows-amd64-cygwin\jdk8u181\11358\hotspot\src\share\vm\prims\jvm.cpp, line 1435]
Event: 0.557 Thread 0x00000000029d5800 Exception <a 'java/lang/ArrayIndexOutOfBoundsException'> (0x00000000d6342f18) thrown at [C:\re\workspace\8-2-build-windows-amd64-cygwin\jdk8u181\11358\hotspot\src\share\vm\runtime\sharedRuntime.cpp, line 605]
Event: 0.558 Thread 0x00000000029d5800 Exception <a 'java/lang/ArrayIndexOutOfBoundsException'> (0x00000000d6343e20) thrown at [C:\re\workspace\8-2-build-windows-amd64-cygwin\jdk8u181\11358\hotspot\src\share\vm\runtime\sharedRuntime.cpp, line 605]
Event: 0.566 Thread 0x00000000029d5800 Exception <a 'java/security/PrivilegedActionException'> (0x00000000d6369ca8) thrown at [C:\re\workspace\8-2-build-windows-amd64-cygwin\jdk8u181\11358\hotspot\src\share\vm\prims\jvm.cpp, line 1435]
Event: 0.566 Thread 0x00000000029d5800 Exception <a 'java/security/PrivilegedActionException'> (0x00000000d6369eb8) thrown at [C:\re\workspace\8-2-build-windows-amd64-cygwin\jdk8u181\11358\hotspot\src\share\vm\prims\jvm.cpp, line 1435]
Event: 0.567 Thread 0x00000000029d5800 Exception <a 'java/security/PrivilegedActionException'> (0x00000000d636db28) thrown at [C:\re\workspace\8-2-build-windows-amd64-cygwin\jdk8u181\11358\hotspot\src\share\vm\prims\jvm.cpp, line 1435]
Event: 0.567 Thread 0x00000000029d5800 Exception <a 'java/security/PrivilegedActionException'> (0x00000000d636dd38) thrown at [C:\re\workspace\8-2-build-windows-amd64-cygwin\jdk8u181\11358\hotspot\src\share\vm\prims\jvm.cpp, line 1435]
Event: 1.399 Thread 0x00000000029d5800 Exception <a 'java/lang/ArrayIndexOutOfBoundsException': 65> (0x00000000d6f8f8b0) thrown at [C:\re\workspace\8-2-build-windows-amd64-cygwin\jdk8u181\11358\hotspot\src\share\vm\interpreter\interpreterRuntime.cpp, line 366]
Event: 1.401 Thread 0x00000000029d5800 Exception <a 'java/lang/ArrayIndexOutOfBoundsException': 60> (0x00000000d6f953d8) thrown at [C:\re\workspace\8-2-build-windows-amd64-cygwin\jdk8u181\11358\hotspot\src\share\vm\interpreter\interpreterRuntime.cpp, line 366]

Events (10 events):
Event: 355.876 Executing VM operation: RedefineClasses done
Event: 355.884 Executing VM operation: ChangeBreakpoints
Event: 355.884 Executing VM operation: ChangeBreakpoints done
Event: 355.885 Executing VM operation: ChangeBreakpoints
Event: 355.885 Executing VM operation: ChangeBreakpoints done
Event: 356.034 Executing VM operation: GetOwnedMonitorInfo
Event: 356.034 Executing VM operation: GetOwnedMonitorInfo done
Event: 356.034 Executing VM operation: GetCurrentContendedMonitor
Event: 356.034 Executing VM operation: GetCurrentContendedMonitor done
Event: 356.078 Executing VM operation: GetOrSetLocal


Dynamic libraries:
0x00007ff61df10000 - 0x00007ff61df47000 	C:\Program Files\Java\jre1.8.0_181\bin\javaw.exe
0x00007ffcd8fe0000 - 0x00007ffcd91c1000 	C:\Windows\SYSTEM32\ntdll.dll
0x00007ffcd6670000 - 0x00007ffcd6722000 	C:\Windows\System32\KERNEL32.DLL
0x00007ffcd5e80000 - 0x00007ffcd60f3000 	C:\Windows\System32\KERNELBASE.dll
0x00007ffcd6890000 - 0x00007ffcd6931000 	C:\Windows\System32\ADVAPI32.dll
0x00007ffcd6470000 - 0x00007ffcd650e000 	C:\Windows\System32\msvcrt.dll
0x00007ffcd8ea0000 - 0x00007ffcd8efb000 	C:\Windows\System32\sechost.dll
0x00007ffcd8d20000 - 0x00007ffcd8e44000 	C:\Windows\System32\RPCRT4.dll
0x00007ffcd6f50000 - 0x00007ffcd70e0000 	C:\Windows\System32\USER32.dll
0x00007ffcd6350000 - 0x00007ffcd6370000 	C:\Windows\System32\win32u.dll
0x00007ffcd6e80000 - 0x00007ffcd6ea8000 	C:\Windows\System32\GDI32.dll
0x00007ffcd61b0000 - 0x00007ffcd6342000 	C:\Windows\System32\gdi32full.dll
0x00007ffcd5de0000 - 0x00007ffcd5e7f000 	C:\Windows\System32\msvcp_win.dll
0x00007ffcd6370000 - 0x00007ffcd646a000 	C:\Windows\System32\ucrtbase.dll
0x00007ffcc59c0000 - 0x00007ffcc5c29000 	C:\Windows\WinSxS\amd64_microsoft.windows.common-controls_6595b64144ccf1df_6.0.17134.285_none_fb4297e330656775\COMCTL32.dll
0x00007ffcd8980000 - 0x00007ffcd8ca3000 	C:\Windows\System32\combase.dll
0x00007ffcd5410000 - 0x00007ffcd548a000 	C:\Windows\System32\bcryptPrimitives.dll
0x00007ffcd8e50000 - 0x00007ffcd8e7d000 	C:\Windows\System32\IMM32.DLL
0x0000000059cb0000 - 0x0000000059d82000 	C:\Program Files\Java\jre1.8.0_181\bin\msvcr100.dll
0x0000000059fc0000 - 0x000000005a862000 	C:\Program Files\Java\jre1.8.0_181\bin\server\jvm.dll
0x00007ffcd6730000 - 0x00007ffcd6738000 	C:\Windows\System32\PSAPI.DLL
0x00007ffcce3d0000 - 0x00007ffcce3d9000 	C:\Windows\SYSTEM32\WSOCK32.dll
0x00007ffccd280000 - 0x00007ffccd2a3000 	C:\Windows\SYSTEM32\WINMM.dll
0x00007ffcd8cb0000 - 0x00007ffcd8d1c000 	C:\Windows\System32\WS2_32.dll
0x00007ffcc5e90000 - 0x00007ffcc5e9a000 	C:\Windows\SYSTEM32\VERSION.dll
0x00007ffccd250000 - 0x00007ffccd27a000 	C:\Windows\SYSTEM32\WINMMBASE.dll
0x00007ffcd5d90000 - 0x00007ffcd5dd9000 	C:\Windows\System32\cfgmgr32.dll
0x0000000059ed0000 - 0x0000000059edf000 	C:\Program Files\Java\jre1.8.0_181\bin\verify.dll
0x0000000059ea0000 - 0x0000000059ec9000 	C:\Program Files\Java\jre1.8.0_181\bin\java.dll
0x0000000059c70000 - 0x0000000059ca5000 	C:\Program Files\Java\jre1.8.0_181\bin\jdwp.dll
0x0000000059c60000 - 0x0000000059c68000 	C:\Program Files\Java\jre1.8.0_181\bin\npt.dll
0x0000000059e80000 - 0x0000000059e96000 	C:\Program Files\Java\jre1.8.0_181\bin\zip.dll
0x00007ffcd7530000 - 0x00007ffcd8970000 	C:\Windows\System32\SHELL32.dll
0x00007ffcd8f00000 - 0x00007ffcd8fa9000 	C:\Windows\System32\shcore.dll
0x00007ffcd5680000 - 0x00007ffcd5d8d000 	C:\Windows\System32\windows.storage.dll
0x00007ffcd6740000 - 0x00007ffcd6791000 	C:\Windows\System32\shlwapi.dll
0x00007ffcd5390000 - 0x00007ffcd53a1000 	C:\Windows\System32\kernel.appcore.dll
0x00007ffcd5370000 - 0x00007ffcd538f000 	C:\Windows\System32\profapi.dll
0x00007ffcd5320000 - 0x00007ffcd536c000 	C:\Windows\System32\powrprof.dll
0x00007ffcd5310000 - 0x00007ffcd531a000 	C:\Windows\System32\FLTLIB.DLL
0x0000000059c50000 - 0x0000000059c59000 	C:\Program Files\Java\jre1.8.0_181\bin\dt_socket.dll
0x00007ffcb8590000 - 0x00007ffcb85a6000 	C:\Windows\system32\napinsp.dll
0x00007ffcb7310000 - 0x00007ffcb732a000 	C:\Windows\system32\pnrpnsp.dll
0x00007ffccf480000 - 0x00007ffccf499000 	C:\Windows\system32\NLAapi.dll
0x00007ffcd4b70000 - 0x00007ffcd4bd6000 	C:\Windows\System32\mswsock.dll
0x00007ffcd4930000 - 0x00007ffcd49ee000 	C:\Windows\SYSTEM32\DNSAPI.dll
0x00007ffcd6880000 - 0x00007ffcd6888000 	C:\Windows\System32\NSI.dll
0x00007ffcd48f0000 - 0x00007ffcd4928000 	C:\Windows\SYSTEM32\IPHLPAPI.DLL
0x00007ffcc0640000 - 0x00007ffcc064e000 	C:\Windows\System32\winrnr.dll
0x00007ffccfaa0000 - 0x00007ffccfab5000 	C:\Windows\System32\wshbth.dll
0x00007ffcc8740000 - 0x00007ffcc87b2000 	C:\Windows\System32\fwpuclnt.dll
0x00007ffcd4e50000 - 0x00007ffcd4e75000 	C:\Windows\SYSTEM32\bcrypt.dll
0x00007ffcc72e0000 - 0x00007ffcc72ea000 	C:\Windows\System32\rasadhlp.dll
0x0000000059e60000 - 0x0000000059e7a000 	C:\Program Files\Java\jre1.8.0_181\bin\net.dll
0x00007ffcd4d20000 - 0x00007ffcd4d37000 	C:\Windows\SYSTEM32\CRYPTSP.dll
0x00007ffcd4750000 - 0x00007ffcd4783000 	C:\Windows\system32\rsaenh.dll
0x00007ffcd51f0000 - 0x00007ffcd5218000 	C:\Windows\SYSTEM32\USERENV.dll
0x00007ffcd4d40000 - 0x00007ffcd4d4b000 	C:\Windows\SYSTEM32\CRYPTBASE.dll
0x00007ffcced60000 - 0x00007ffcced76000 	C:\Windows\SYSTEM32\dhcpcsvc6.DLL
0x00007ffccf050000 - 0x00007ffccf06a000 	C:\Windows\SYSTEM32\dhcpcsvc.DLL
0x0000000059e40000 - 0x0000000059e51000 	C:\Program Files\Java\jre1.8.0_181\bin\nio.dll
0x00007ffcd3cf0000 - 0x00007ffcd3eb9000 	C:\Windows\SYSTEM32\dbghelp.dll

VM Arguments:
jvm_args: -agentlib:jdwp=transport=dt_socket,suspend=y,address=localhost:52082 -ea -Dfile.encoding=Cp1252 
java_command: org.testng.remote.RemoteTestNG -serport 52081 -protocol json -d C:\Users\SudeepJ\eclipse-workspace\SudeepQAAuto\test-output C:\Users\SudeepJ\AppData\Local\Temp\testng-eclipse-1144940494\testng-customsuite.xml
java_class_path (initial): C:\eclipse\eclipse\configuration\org.eclipse.osgi\526\0\.cp\lib\testng-remote.jar;C:\Program Files\Java\jre1.8.0_181\lib\resources.jar;C:\Program Files\Java\jre1.8.0_181\lib\rt.jar;C:\Program Files\Java\jre1.8.0_181\lib\jsse.jar;C:\Program Files\Java\jre1.8.0_181\lib\jce.jar;C:\Program Files\Java\jre1.8.0_181\lib\charsets.jar;C:\Program Files\Java\jre1.8.0_181\lib\jfr.jar;C:\Program Files\Java\jre1.8.0_181\lib\ext\access-bridge-64.jar;C:\Program Files\Java\jre1.8.0_181\lib\ext\cldrdata.jar;C:\Program Files\Java\jre1.8.0_181\lib\ext\dnsns.jar;C:\Program Files\Java\jre1.8.0_181\lib\ext\jaccess.jar;C:\Program Files\Java\jre1.8.0_181\lib\ext\jfxrt.jar;C:\Program Files\Java\jre1.8.0_181\lib\ext\localedata.jar;C:\Program Files\Java\jre1.8.0_181\lib\ext\nashorn.jar;C:\Program Files\Java\jre1.8.0_181\lib\ext\sunec.jar;C:\Program Files\Java\jre1.8.0_181\lib\ext\sunjce_provider.jar;C:\Program Files\Java\jre1.8.0_181\lib\ext\sunmscapi.jar;C:\Program Files\Java\jre1.8.0_181\lib\ext\sunpkcs11.jar;C:\Program Files\Java\jre1.8.0_181\lib\ext\zipfs.jar;C:\Users\SudeepJ\eclipse-workspace\SudeepQAAuto\target\test-classes;C:\Users\SudeepJ\eclipse-workspace\SudeepQAAuto\target\classes;C:\Users\SudeepJ\.m2\repository\org\seleniumhq\selenium\selenium-java\3.5.3\selenium-java-3.5.3.jar;C:\Users\SudeepJ\.m2\repository\org\seleniumhq\selenium\selenium-api\3.5.3\selenium-api-3.5.3.jar;C:\Users\SudeepJ\.m2\repository\org\seleniumhq\selenium\selenium-chrome-driver\3.5.3\selenium-chrome-driver-3.5.3.jar;C:\Users\SudeepJ\.m2\repository\org\seleniumhq\selenium\selenium-edge-driver\3.5.3\selenium-edge-driver-3.5.3.jar;C:\Users\SudeepJ\.m2\repository\org\seleniumhq\selenium\selenium-firefox-driver\3.5.3\selenium-firefox-driver-3.5.3.jar;C:\Users\SudeepJ\.m2\repository\org\seleniumhq\selenium\selenium-ie-driver\3.5.3\selenium-ie-driver-3.5.3.jar;C:\Users\SudeepJ\.m2\repository\org\seleniumhq\selenium\selenium-opera-driver\3.5.3\selenium-opera-driver-3.5.3.jar;C:\Users\Sud
Launcher Type: SUN_STANDARD

Environment Variables:
JAVA_HOME=C:\Program Files\Java\jdk1.8.0_181
PATH=C:/Program Files/Java/jre1.8.0_181/bin/server;C:/Program Files/Java/jre1.8.0_181/bin;C:/Program Files/Java/jre1.8.0_181/lib/amd64;C:\Program Files (x86)\Common Files\Oracle\Java\javapath;C:\Windows\system32;C:\Windows;C:\Windows\System32\Wbem;C:\Windows\System32\WindowsPowerShell\v1.0\;C:\Windows\System32\OpenSSH\;C:\Android;C:\Windows\System32;C:\Program Files\Java\jdk1.8.0_181\bin;C:\Program Files\Git\cmd;C:\Users\SudeepJ\AppData\Local\Microsoft\WindowsApps;;C:\Users\SudeepJ\Desktop;
USERNAME=SudeepJ
OS=Windows_NT
PROCESSOR_IDENTIFIER=Intel64 Family 6 Model 78 Stepping 3, GenuineIntel



---------------  S Y S T E M  ---------------

OS: Windows 10.0 , 64 bit Build 17134 (10.0.17134.1)

CPU:total 4 (initial active 4) (2 cores per cpu, 2 threads per core) family 6 model 78 stepping 3, cmov, cx8, fxsr, mmx, sse, sse2, sse3, ssse3, sse4.1, sse4.2, popcnt, avx, avx2, aes, clmul, erms, 3dnowpref, lzcnt, ht, tsc, tscinvbit, bmi1, bmi2, adx

Memory: 4k page, physical 8276896k(4143556k free), swap 9587616k(4409424k free)

vm_info: Java HotSpot(TM) 64-Bit Server VM (25.181-b13) for windows-amd64 JRE (1.8.0_181-b13), built on Jul  7 2018 04:01:33 by "java_re" with MS VC++ 10.0 (VS2010)

time: Fri Sep 14 09:11:50 2018
elapsed time: 356 seconds (0d 0h 5m 56s)

